2023-06-23 03:04:08.892 ERROR 4278--- [main] o.s.boot.SpringApplication               : Application run failed
java.lang.IllegalStateException: java.lang.IllegalStateException: Logback configuration error detected: 
ERROR in ch.qos.logback.classic.pattern.ClassOfCallerConverter@258d79be - failed to parse integer string [1.] java.lang.NumberFormatException: For input string: "1."
	at org.springframework.boot.context.logging.LoggingApplicationListener.initializeSystem(LoggingApplicationListener.java:347)
	at org.springframework.boot.context.logging.LoggingApplicationListener.initialize(LoggingApplicationListener.java:298)
	at org.springframework.boot.context.logging.LoggingApplicationListener.onApplicationEnvironmentPreparedEvent(LoggingApplicationListener.java:246)
	at org.springframework.boot.context.logging.LoggingApplicationListener.onApplicationEvent(LoggingApplicationListener.java:223)
	at org.springframework.context.event.SimpleApplicationEventMulticaster.doInvokeListener(SimpleApplicationEventMulticaster.java:172)
	at org.springframework.context.event.SimpleApplicationEventMulticaster.invokeListener(SimpleApplicationEventMulticaster.java:165)
	at org.springframework.context.event.SimpleApplicationEventMulticaster.multicastEvent(SimpleApplicationEventMulticaster.java:143)
	at org.springframework.context.event.SimpleApplicationEventMulticaster.multicastEvent(SimpleApplicationEventMulticaster.java:131)
	at org.springframework.boot.context.event.EventPublishingRunListener.multicastInitialEvent(EventPublishingRunListener.java:136)
	at org.springframework.boot.context.event.EventPublishingRunListener.environmentPrepared(EventPublishingRunListener.java:81)
	at org.springframework.boot.SpringApplicationRunListeners.lambda$environmentPrepared$2(SpringApplicationRunListeners.java:64)
	at java.base/java.lang.Iterable.forEach(Iterable.java:75)
	at org.springframework.boot.SpringApplicationRunListeners.doWithListeners(SpringApplicationRunListeners.java:118)
	at org.springframework.boot.SpringApplicationRunListeners.doWithListeners(SpringApplicationRunListeners.java:112)
	at org.springframework.boot.SpringApplicationRunListeners.environmentPrepared(SpringApplicationRunListeners.java:63)
	at org.springframework.boot.SpringApplication.prepareEnvironment(SpringApplication.java:355)
	at org.springframework.boot.SpringApplication.run(SpringApplication.java:306)
	at org.springframework.boot.SpringApplication.run(SpringApplication.java:1305)
	at org.springframework.boot.SpringApplication.run(SpringApplication.java:1294)
	at com.example.OnlineShop.OnlineShopApplication.main(OnlineShopApplication.java:10)
Caused by: java.lang.IllegalStateException: Logback configuration error detected: 
ERROR in ch.qos.logback.classic.pattern.ClassOfCallerConverter@258d79be - failed to parse integer string [1.] java.lang.NumberFormatException: For input string: "1."
	at org.springframework.boot.logging.logback.LogbackLoggingSystem.reportConfigurationErrorsIfNecessary(LogbackLoggingSystem.java:260)
	at org.springframework.boot.logging.logback.LogbackLoggingSystem.loadConfiguration(LogbackLoggingSystem.java:247)
	at org.springframework.boot.logging.AbstractLoggingSystem.initializeWithConventions(AbstractLoggingSystem.java:80)
	at org.springframework.boot.logging.AbstractLoggingSystem.initialize(AbstractLoggingSystem.java:60)
	at org.springframework.boot.logging.logback.LogbackLoggingSystem.initialize(LogbackLoggingSystem.java:187)
	at org.springframework.boot.context.logging.LoggingApplicationListener.initializeSystem(LoggingApplicationListener.java:332)
	... 19 common frames omitted
2023-06-23 03:07:31.870  INFO 4308--- [main] c.e.OnlineShop.OnlineShopApplication     : Starting OnlineShopApplication using Java 20 with PID 4308 (/Users/bartoszsawaniewski/Desktop/OnlineShop/target/classes started by bartoszsawaniewski in /Users/bartoszsawaniewski/Desktop/OnlineShop)
2023-06-23 03:07:31.871 DEBUG 4308--- [main] c.e.OnlineShop.OnlineShopApplication     : Running with Spring Boot v3.1.0, Spring v6.0.9
2023-06-23 03:07:31.871  INFO 4308--- [main] c.e.OnlineShop.OnlineShopApplication     : No active profile set, falling back to 1 default profile: "default"
2023-06-23 03:07:32.125  INFO 4308--- [main] .s.d.r.c.RepositoryConfigurationDelegate : Bootstrapping Spring Data JPA repositories in DEFAULT mode.
2023-06-23 03:07:32.147  INFO 4308--- [main] .s.d.r.c.RepositoryConfigurationDelegate : Finished Spring Data repository scanning in 18 ms. Found 1 JPA repository interfaces.
2023-06-23 03:07:32.368  INFO 4308--- [main] o.s.b.w.embedded.tomcat.TomcatWebServer  : Tomcat initialized with port(s): 8080 (http)
2023-06-23 03:07:32.372  INFO 4308--- [main] o.apache.catalina.core.StandardService   : Starting service [Tomcat]
2023-06-23 03:07:32.372  INFO 4308--- [main] o.apache.catalina.core.StandardEngine    : Starting Servlet engine: [Apache Tomcat/10.1.8]
2023-06-23 03:07:32.417  INFO 4308--- [main] o.a.c.c.C.[Tomcat].[localhost].[/]       : Initializing Spring embedded WebApplicationContext
2023-06-23 03:07:32.418  INFO 4308--- [main] w.s.c.ServletWebServerApplicationContext : Root WebApplicationContext: initialization completed in 530 ms
2023-06-23 03:07:32.475  INFO 4308--- [main] com.zaxxer.hikari.HikariDataSource       : HikariPool-1 - Starting...
2023-06-23 03:07:32.567  INFO 4308--- [main] com.zaxxer.hikari.pool.HikariPool        : HikariPool-1 - Added connection com.mysql.cj.jdbc.ConnectionImpl@2d258eff
2023-06-23 03:07:32.568  INFO 4308--- [main] com.zaxxer.hikari.HikariDataSource       : HikariPool-1 - Start completed.
2023-06-23 03:07:32.587  INFO 4308--- [main] o.hibernate.jpa.internal.util.LogHelper  : HHH000204: Processing PersistenceUnitInfo [name: default]
2023-06-23 03:07:32.612  INFO 4308--- [main] org.hibernate.Version                    : HHH000412: Hibernate ORM core version 6.2.2.Final
2023-06-23 03:07:32.614  INFO 4308--- [main] org.hibernate.cfg.Environment            : HHH000406: Using bytecode reflection optimizer
2023-06-23 03:07:32.667  INFO 4308--- [main] o.h.b.i.BytecodeProviderInitiator        : HHH000021: Bytecode provider name : bytebuddy
2023-06-23 03:07:32.726  INFO 4308--- [main] o.s.o.j.p.SpringPersistenceUnitInfo      : No LoadTimeWeaver setup: ignoring JPA class transformer
2023-06-23 03:07:32.803  INFO 4308--- [main] org.hibernate.orm.dialect                : HHH035001: Using dialect: org.hibernate.dialect.MySQLDialect, version: 8.0.33
2023-06-23 03:07:32.893  INFO 4308--- [main] o.h.b.i.BytecodeProviderInitiator        : HHH000021: Bytecode provider name : bytebuddy
2023-06-23 03:07:33.168  INFO 4308--- [main] o.h.e.t.j.p.i.JtaPlatformInitiator       : HHH000490: Using JtaPlatform implementation: [org.hibernate.engine.transaction.jta.platform.internal.NoJtaPlatform]
2023-06-23 03:07:33.169  INFO 4308--- [main] j.LocalContainerEntityManagerFactoryBean : Initialized JPA EntityManagerFactory for persistence unit 'default'
2023-06-23 03:07:33.314  WARN 4308--- [main] JpaBaseConfiguration$JpaWebConfiguration : spring.jpa.open-in-view is enabled by default. Therefore, database queries may be performed during view rendering. Explicitly configure spring.jpa.open-in-view to disable this warning
2023-06-23 03:07:33.355  INFO 4308--- [main] o.s.b.a.w.s.WelcomePageHandlerMapping    : Adding welcome page template: index
2023-06-23 03:07:33.429  INFO 4308--- [main] o.s.s.web.DefaultSecurityFilterChain     : Will secure any request with [org.springframework.security.web.session.DisableEncodeUrlFilter@2f03fdc0, org.springframework.security.web.context.request.async.WebAsyncManagerIntegrationFilter@1a06ec24, org.springframework.security.web.context.SecurityContextHolderFilter@5d8a1456, org.springframework.security.web.header.HeaderWriterFilter@7603cfc2, org.springframework.security.web.csrf.CsrfFilter@629fe84, org.springframework.security.web.authentication.logout.LogoutFilter@5f1db390, org.springframework.security.web.authentication.UsernamePasswordAuthenticationFilter@769f6023, org.springframework.security.web.authentication.ui.DefaultLoginPageGeneratingFilter@6fa2d0b2, org.springframework.security.web.authentication.ui.DefaultLogoutPageGeneratingFilter@1715193f, org.springframework.security.web.savedrequest.RequestCacheAwareFilter@7e1953f7, org.springframework.security.web.servletapi.SecurityContextHolderAwareRequestFilter@57df93c1, org.springframework.security.web.authentication.AnonymousAuthenticationFilter@1f5f4d48, org.springframework.security.web.access.ExceptionTranslationFilter@3a5b1af7, org.springframework.security.web.access.intercept.AuthorizationFilter@3891b430]
2023-06-23 03:07:33.511  INFO 4308--- [main] o.s.b.w.embedded.tomcat.TomcatWebServer  : Tomcat started on port(s): 8080 (http) with context path ''
2023-06-23 03:07:33.515  INFO 4308--- [main] c.e.OnlineShop.OnlineShopApplication     : Started OnlineShopApplication in 1.854 seconds (process running for 1.983)
2023-06-23 03:07:38.323  INFO 4308--- [http-nio-8080-exec-1] o.a.c.c.C.[Tomcat].[localhost].[/]       : Initializing Spring DispatcherServlet 'dispatcherServlet'
2023-06-23 03:07:38.324  INFO 4308--- [http-nio-8080-exec-1] o.s.web.servlet.DispatcherServlet        : Initializing Servlet 'dispatcherServlet'
2023-06-23 03:07:38.325  INFO 4308--- [http-nio-8080-exec-1] o.s.web.servlet.DispatcherServlet        : Completed initialization in 1 ms
2023-06-23 03:07:53.115  INFO 4308--- [http-nio-8080-exec-5] c.e.O.Controllers.ProductController      : addProduct called
2023-06-23 03:08:21.141  INFO 4308--- [http-nio-8080-exec-2] c.e.O.Controllers.ProductController      : submitAddProduct called with product Product(id=0, name=lampka, price=239.97, description=świeci lampa super, orders=null)
2023-06-23 03:08:42.088  INFO 4308--- [SpringApplicationShutdownHook] j.LocalContainerEntityManagerFactoryBean : Closing JPA EntityManagerFactory for persistence unit 'default'
2023-06-23 03:08:42.094  INFO 4308--- [SpringApplicationShutdownHook] com.zaxxer.hikari.HikariDataSource       : HikariPool-1 - Shutdown initiated...
2023-06-23 03:08:42.102  INFO 4308--- [SpringApplicationShutdownHook] com.zaxxer.hikari.HikariDataSource       : HikariPool-1 - Shutdown completed.
